  Button.cpp
C:\Users\moham\Desktop\C++ Games\UUWGameDev\UUWGameDev\Component.h(4,10): fatal  error C1083: Cannot open include file: 'SFML/System/NonCopyable.hpp': No such file or directory
  Command.cpp
C:\Users\moham\Desktop\C++ Games\UUWGameDev\UUWGameDev\Command.h(5,10): fatal  error C1083: Cannot open include file: 'SFML/System/Time.hpp': No such file or directory
  CommandQueue.cpp
C:\Users\moham\Desktop\C++ Games\UUWGameDev\UUWGameDev\Command.h(5,10): fatal  error C1083: Cannot open include file: 'SFML/System/Time.hpp': No such file or directory
  Component.cpp
C:\Users\moham\Desktop\C++ Games\UUWGameDev\UUWGameDev\Component.h(4,10): fatal  error C1083: Cannot open include file: 'SFML/System/NonCopyable.hpp': No such file or directory
  Container.cpp
C:\Users\moham\Desktop\C++ Games\UUWGameDev\UUWGameDev\Component.h(4,10): fatal  error C1083: Cannot open include file: 'SFML/System/NonCopyable.hpp': No such file or directory
  Craft.cpp
C:\Users\moham\Desktop\C++ Games\UUWGameDev\UUWGameDev\SceneNode.h(6,10): fatal  error C1083: Cannot open include file: 'SFML/System/NonCopyable.hpp': No such file or directory
  DBTables.cpp
C:\Users\moham\Desktop\C++ Games\UUWGameDev\UUWGameDev\DBTables.h(5,10): fatal  error C1083: Cannot open include file: 'SFML/System/Time.hpp': No such file or directory
  Entity.cpp
C:\Users\moham\Desktop\C++ Games\UUWGameDev\UUWGameDev\SceneNode.h(6,10): fatal  error C1083: Cannot open include file: 'SFML/System/NonCopyable.hpp': No such file or directory
  GameApp.cpp
C:\Users\moham\Desktop\C++ Games\UUWGameDev\UUWGameDev\Command.h(5,10): fatal  error C1083: Cannot open include file: 'SFML/System/Time.hpp': No such file or directory
  GameOverState.cpp
C:\Users\moham\Desktop\C++ Games\UUWGameDev\UUWGameDev\State.h(6,10): fatal  error C1083: Cannot open include file: 'SFML/System/Time.hpp': No such file or directory
  GameState.cpp
C:\Users\moham\Desktop\C++ Games\UUWGameDev\UUWGameDev\State.h(6,10): fatal  error C1083: Cannot open include file: 'SFML/System/Time.hpp': No such file or directory
  Label.cpp
C:\Users\moham\Desktop\C++ Games\UUWGameDev\UUWGameDev\Component.h(4,10): fatal  error C1083: Cannot open include file: 'SFML/System/NonCopyable.hpp': No such file or directory
  main.cpp
C:\Users\moham\Desktop\C++ Games\UUWGameDev\UUWGameDev\Command.h(5,10): fatal  error C1083: Cannot open include file: 'SFML/System/Time.hpp': No such file or directory
  MenuState.cpp
C:\Users\moham\Desktop\C++ Games\UUWGameDev\UUWGameDev\State.h(6,10): fatal  error C1083: Cannot open include file: 'SFML/System/Time.hpp': No such file or directory
  PauseState.cpp
C:\Users\moham\Desktop\C++ Games\UUWGameDev\UUWGameDev\State.h(6,10): fatal  error C1083: Cannot open include file: 'SFML/System/Time.hpp': No such file or directory
  Pickup.cpp
C:\Users\moham\Desktop\C++ Games\UUWGameDev\UUWGameDev\SceneNode.h(6,10): fatal  error C1083: Cannot open include file: 'SFML/System/NonCopyable.hpp': No such file or directory
  Player.cpp
C:\Users\moham\Desktop\C++ Games\UUWGameDev\UUWGameDev\Command.h(5,10): fatal  error C1083: Cannot open include file: 'SFML/System/Time.hpp': No such file or directory
  Projectile.cpp
C:\Users\moham\Desktop\C++ Games\UUWGameDev\UUWGameDev\SceneNode.h(6,10): fatal  error C1083: Cannot open include file: 'SFML/System/NonCopyable.hpp': No such file or directory
  SceneNode.cpp
C:\Users\moham\Desktop\C++ Games\UUWGameDev\UUWGameDev\SceneNode.h(6,10): fatal  error C1083: Cannot open include file: 'SFML/System/NonCopyable.hpp': No such file or directory
  SettingsState.cpp
C:\Users\moham\Desktop\C++ Games\UUWGameDev\UUWGameDev\State.h(6,10): fatal  error C1083: Cannot open include file: 'SFML/System/Time.hpp': No such file or directory
  Generating Code...
  Compiling...
  SpriteNode.cpp
C:\Users\moham\Desktop\C++ Games\UUWGameDev\UUWGameDev\SceneNode.h(6,10): fatal  error C1083: Cannot open include file: 'SFML/System/NonCopyable.hpp': No such file or directory
  State.cpp
C:\Users\moham\Desktop\C++ Games\UUWGameDev\UUWGameDev\State.h(6,10): fatal  error C1083: Cannot open include file: 'SFML/System/Time.hpp': No such file or directory
  StateStack.cpp
C:\Users\moham\Desktop\C++ Games\UUWGameDev\UUWGameDev\State.h(6,10): fatal  error C1083: Cannot open include file: 'SFML/System/Time.hpp': No such file or directory
  TextNode.cpp
C:\Users\moham\Desktop\C++ Games\UUWGameDev\UUWGameDev\SceneNode.h(6,10): fatal  error C1083: Cannot open include file: 'SFML/System/NonCopyable.hpp': No such file or directory
  TitleState.cpp
C:\Users\moham\Desktop\C++ Games\UUWGameDev\UUWGameDev\State.h(6,10): fatal  error C1083: Cannot open include file: 'SFML/System/Time.hpp': No such file or directory
  Utility.cpp
C:\Users\moham\Desktop\C++ Games\UUWGameDev\UUWGameDev\Utility.h(3,10): fatal  error C1083: Cannot open include file: 'SFML/Window/Keyboard.hpp': No such file or directory
  World.cpp
C:\Users\moham\Desktop\C++ Games\UUWGameDev\UUWGameDev\SceneNode.h(6,10): fatal  error C1083: Cannot open include file: 'SFML/System/NonCopyable.hpp': No such file or directory
  WorldView.cpp
  Generating Code...
