c:\users\moham\desktop\c++ games\uuwgamedev\uuwgamedev\x64\debug\vc143.pdb
c:\users\moham\desktop\c++ games\uuwgamedev\uuwgamedev\x64\debug\vc143.idb
c:\users\moham\desktop\c++ games\uuwgamedev\uuwgamedev\x64\debug\settingsstate.obj
c:\users\moham\desktop\c++ games\uuwgamedev\uuwgamedev\x64\debug\scenenode.obj
c:\users\moham\desktop\c++ games\uuwgamedev\uuwgamedev\x64\debug\projectile.obj
c:\users\moham\desktop\c++ games\uuwgamedev\uuwgamedev\x64\debug\player.obj
c:\users\moham\desktop\c++ games\uuwgamedev\uuwgamedev\x64\debug\pickup.obj
c:\users\moham\desktop\c++ games\uuwgamedev\uuwgamedev\x64\debug\pausestate.obj
c:\users\moham\desktop\c++ games\uuwgamedev\uuwgamedev\x64\debug\menustate.obj
c:\users\moham\desktop\c++ games\uuwgamedev\uuwgamedev\x64\debug\main.obj
c:\users\moham\desktop\c++ games\uuwgamedev\uuwgamedev\x64\debug\label.obj
c:\users\moham\desktop\c++ games\uuwgamedev\uuwgamedev\x64\debug\gamestate.obj
c:\users\moham\desktop\c++ games\uuwgamedev\uuwgamedev\x64\debug\gameoverstate.obj
c:\users\moham\desktop\c++ games\uuwgamedev\uuwgamedev\x64\debug\gameapp.obj
c:\users\moham\desktop\c++ games\uuwgamedev\uuwgamedev\x64\debug\entity.obj
c:\users\moham\desktop\c++ games\uuwgamedev\uuwgamedev\x64\debug\dbtables.obj
c:\users\moham\desktop\c++ games\uuwgamedev\uuwgamedev\x64\debug\craft.obj
c:\users\moham\desktop\c++ games\uuwgamedev\uuwgamedev\x64\debug\container.obj
c:\users\moham\desktop\c++ games\uuwgamedev\uuwgamedev\x64\debug\component.obj
c:\users\moham\desktop\c++ games\uuwgamedev\uuwgamedev\x64\debug\commandqueue.obj
c:\users\moham\desktop\c++ games\uuwgamedev\uuwgamedev\x64\debug\command.obj
c:\users\moham\desktop\c++ games\uuwgamedev\uuwgamedev\x64\debug\button.obj
c:\users\moham\desktop\c++ games\uuwgamedev\uuwgamedev\x64\debug\worldview.obj
c:\users\moham\desktop\c++ games\uuwgamedev\uuwgamedev\x64\debug\world.obj
c:\users\moham\desktop\c++ games\uuwgamedev\uuwgamedev\x64\debug\utility.obj
c:\users\moham\desktop\c++ games\uuwgamedev\uuwgamedev\x64\debug\titlestate.obj
c:\users\moham\desktop\c++ games\uuwgamedev\uuwgamedev\x64\debug\textnode.obj
c:\users\moham\desktop\c++ games\uuwgamedev\uuwgamedev\x64\debug\statestack.obj
c:\users\moham\desktop\c++ games\uuwgamedev\uuwgamedev\x64\debug\state.obj
c:\users\moham\desktop\c++ games\uuwgamedev\uuwgamedev\x64\debug\spritenode.obj
c:\users\moham\desktop\c++ games\uuwgamedev\uuwgamedev\x64\debug\uuwgamedev.ilk
c:\users\moham\desktop\c++ games\uuwgamedev\x64\debug\uuwgamedev.exe
c:\users\moham\desktop\c++ games\uuwgamedev\x64\debug\uuwgamedev.pdb
c:\users\moham\desktop\c++ games\uuwgamedev\x64\debug\sfml-graphics-d-2.dll
c:\users\moham\desktop\c++ games\uuwgamedev\x64\debug\sfml-window-d-2.dll
c:\users\moham\desktop\c++ games\uuwgamedev\x64\debug\sfml-system-d-2.dll
c:\users\moham\desktop\c++ games\uuwgamedev\x64\debug\freetyped.dll
c:\users\moham\desktop\c++ games\uuwgamedev\x64\debug\zlibd1.dll
c:\users\moham\desktop\c++ games\uuwgamedev\x64\debug\bz2d.dll
c:\users\moham\desktop\c++ games\uuwgamedev\x64\debug\libpng16d.dll
c:\users\moham\desktop\c++ games\uuwgamedev\x64\debug\brotlidec.dll
c:\users\moham\desktop\c++ games\uuwgamedev\x64\debug\brotlicommon.dll
c:\users\moham\desktop\c++ games\uuwgamedev\uuwgamedev\x64\debug\uuwgamedev.tlog\cl.command.1.tlog
c:\users\moham\desktop\c++ games\uuwgamedev\uuwgamedev\x64\debug\uuwgamedev.tlog\cl.read.1.tlog
c:\users\moham\desktop\c++ games\uuwgamedev\uuwgamedev\x64\debug\uuwgamedev.tlog\cl.write.1.tlog
c:\users\moham\desktop\c++ games\uuwgamedev\uuwgamedev\x64\debug\uuwgamedev.tlog\link.command.1.tlog
c:\users\moham\desktop\c++ games\uuwgamedev\uuwgamedev\x64\debug\uuwgamedev.tlog\link.read.1.tlog
c:\users\moham\desktop\c++ games\uuwgamedev\uuwgamedev\x64\debug\uuwgamedev.tlog\link.write.1.tlog
c:\users\moham\desktop\c++ games\uuwgamedev\uuwgamedev\x64\debug\uuwgamedev.tlog\uuwgamedev.write.1u.tlog
